embedding_dims      50.000000
filter_length        8.000000
max_len            500.000000
max_words         5000.000000
nb_filter          100.000000
nb_hidden          200.000000
score                0.305723
Name: 0, dtype: float64

embedding_dims       50.000000
filter_length        12.000000
max_len             500.000000
max_words         15000.000000
nb_filter           100.000000
nb_hidden           200.000000
score                 0.384251

embedding_dims       20.000000
filter_length        12.000000
max_len             500.000000
max_words         15000.000000
nb_filter            50.000000
nb_hidden           100.000000
score                 0.238971
Name: 0, dtype: float64

embedding_dims       20.000000
filter_length        12.000000
max_len             500.000000
max_words         15000.000000
nb_filter           150.000000
nb_hidden           100.000000
score                 0.342226
Name: 0, dtype: float64


embedding_dims       20.000000
filter_length        12.000000
max_len             500.000000
max_words         15000.000000
nb_filter           250.000000
nb_hidden           100.000000
score                 0.323708

embedding_dims      100.000000
filter_length        12.000000
max_len             500.000000
max_words         15000.000000
nb_filter           100.000000
nb_hidden           100.000000
score                 0.447676
Name: 0, dtype: float64

embedding_dims      150.00000
filter_length        12.00000
max_len             500.00000
max_words         15000.00000
nb_filter           100.00000
nb_hidden           100.00000
score                 0.42594
