Read previously computed data and targets...
models/linear_loss_log_class_weight_1_raw_text_processor_vector_max_words_1000_vectorizer_count.pkl
Read previously trained model...
Evaluating models...
Average F-Score = 0.28330986
Read previously computed data and targets...
models/linear_loss_log_class_weight_3_raw_text_processor_vector_max_words_1000_vectorizer_count.pkl
Read previously trained model...
Evaluating models...
Average F-Score = 0.313435476905
Read previously computed data and targets...
models/linear_loss_log_class_weight_6_raw_text_processor_vector_max_words_1000_vectorizer_count.pkl
Read previously trained model...
Evaluating models...
Average F-Score = 0.328425628555
Read previously computed data and targets...
models/linear_loss_log_class_weight_9_raw_text_processor_vector_max_words_1000_vectorizer_count.pkl
Read previously trained model...
Evaluating models...
Average F-Score = 0.318000146158
Read previously computed data and targets...
models/linear_loss_log_class_weight_12_raw_text_processor_vector_max_words_1000_vectorizer_count.pkl
Read previously trained model...
Evaluating models...
Average F-Score = 0.32464169276
Read previously computed data and targets...
models/linear_loss_log_class_weight_1_raw_text_processor_vector_max_words_5000_vectorizer_count.pkl
Read previously trained model...
Evaluating models...
Average F-Score = 0.351993443143
Read previously computed data and targets...
models/linear_loss_log_class_weight_3_raw_text_processor_vector_max_words_5000_vectorizer_count.pkl
Read previously trained model...
Evaluating models...
Average F-Score = 0.420204604842
Read previously computed data and targets...
models/linear_loss_log_class_weight_6_raw_text_processor_vector_max_words_5000_vectorizer_count.pkl
Read previously trained model...
Evaluating models...
Average F-Score = 0.452074813782
Read previously computed data and targets...
models/linear_loss_log_class_weight_9_raw_text_processor_vector_max_words_5000_vectorizer_count.pkl
Read previously trained model...
Evaluating models...
Average F-Score = 0.427116121575
Read previously computed data and targets...
models/linear_loss_log_class_weight_12_raw_text_processor_vector_max_words_5000_vectorizer_count.pkl
Read previously trained model...
Evaluating models...
Average F-Score = 0.434911791574
Read previously computed data and targets...
models/linear_loss_log_class_weight_1_raw_text_processor_vector_max_words_7000_vectorizer_count.pkl
Read previously trained model...
Evaluating models...
Average F-Score = 0.349502209048
Read previously computed data and targets...
models/linear_loss_log_class_weight_3_raw_text_processor_vector_max_words_7000_vectorizer_count.pkl
Read previously trained model...
Evaluating models...
Average F-Score = 0.418069074606
Read previously computed data and targets...
models/linear_loss_log_class_weight_6_raw_text_processor_vector_max_words_7000_vectorizer_count.pkl
Read previously trained model...
Evaluating models...
Average F-Score = 0.450981603138
Read previously computed data and targets...
models/linear_loss_log_class_weight_9_raw_text_processor_vector_max_words_7000_vectorizer_count.pkl
Read previously trained model...
Evaluating models...
Average F-Score = 0.467145031402
Read previously computed data and targets...
models/linear_loss_log_class_weight_12_raw_text_processor_vector_max_words_7000_vectorizer_count.pkl
Read previously trained model...
Evaluating models...
Average F-Score = 0.424247483926
Read previously computed data and targets...
models/linear_loss_log_class_weight_1_raw_text_processor_vector_max_words_15000_vectorizer_count.pkl
Read previously trained model...
Evaluating models...
Average F-Score = 0.34550357068
Read previously computed data and targets...
models/linear_loss_log_class_weight_3_raw_text_processor_vector_max_words_15000_vectorizer_count.pkl
Read previously trained model...
Evaluating models...
Average F-Score = 0.412102489845
Read previously computed data and targets...
models/linear_loss_log_class_weight_6_raw_text_processor_vector_max_words_15000_vectorizer_count.pkl
Read previously trained model...
Evaluating models...
Average F-Score = 0.448100267826
Read previously computed data and targets...
models/linear_loss_log_class_weight_9_raw_text_processor_vector_max_words_15000_vectorizer_count.pkl
Read previously trained model...
Evaluating models...
Average F-Score = 0.440263374683
Read previously computed data and targets...
models/linear_loss_log_class_weight_12_raw_text_processor_vector_max_words_15000_vectorizer_count.pkl
Read previously trained model...
Evaluating models...
Average F-Score = 0.461333060548
Read previously computed data and targets...
models/linear_loss_log_class_weight_1_raw_text_processor_vector_max_words_1000_vectorizer_tfidf.pkl
Read previously trained model...
Evaluating models...
Average F-Score = 0.214851162301
Read previously computed data and targets...
models/linear_loss_log_class_weight_3_raw_text_processor_vector_max_words_1000_vectorizer_tfidf.pkl
Read previously trained model...
Evaluating models...
Average F-Score = 0.36110573822
Read previously computed data and targets...
models/linear_loss_log_class_weight_6_raw_text_processor_vector_max_words_1000_vectorizer_tfidf.pkl
Read previously trained model...
Evaluating models...
Average F-Score = 0.413926375105
Read previously computed data and targets...
models/linear_loss_log_class_weight_9_raw_text_processor_vector_max_words_1000_vectorizer_tfidf.pkl
Read previously trained model...
Evaluating models...
Average F-Score = 0.430271495918
Read previously computed data and targets...
models/linear_loss_log_class_weight_12_raw_text_processor_vector_max_words_1000_vectorizer_tfidf.pkl
Read previously trained model...
Evaluating models...
Average F-Score = 0.439040196547
Read previously computed data and targets...
models/linear_loss_log_class_weight_1_raw_text_processor_vector_max_words_5000_vectorizer_tfidf.pkl
Read previously trained model...
Evaluating models...
Average F-Score = 0.18561115141
Read previously computed data and targets...
models/linear_loss_log_class_weight_3_raw_text_processor_vector_max_words_5000_vectorizer_tfidf.pkl
Read previously trained model...
Evaluating models...
Average F-Score = 0.351598036411
Read previously computed data and targets...
models/linear_loss_log_class_weight_6_raw_text_processor_vector_max_words_5000_vectorizer_tfidf.pkl
Read previously trained model...
Evaluating models...
Average F-Score = 0.424498301992
Read previously computed data and targets...
models/linear_loss_log_class_weight_9_raw_text_processor_vector_max_words_5000_vectorizer_tfidf.pkl
Read previously trained model...
Evaluating models...
Average F-Score = 0.453014453092
Read previously computed data and targets...
models/linear_loss_log_class_weight_12_raw_text_processor_vector_max_words_5000_vectorizer_tfidf.pkl
Read previously trained model...
Evaluating models...
Average F-Score = 0.467330462331
Read previously computed data and targets...
models/linear_loss_log_class_weight_1_raw_text_processor_vector_max_words_7000_vectorizer_tfidf.pkl
Read previously trained model...
Evaluating models...
Average F-Score = 0.184926011934
Read previously computed data and targets...
models/linear_loss_log_class_weight_3_raw_text_processor_vector_max_words_7000_vectorizer_tfidf.pkl
Read previously trained model...
Evaluating models...
Average F-Score = 0.353150821648
Read previously computed data and targets...
models/linear_loss_log_class_weight_6_raw_text_processor_vector_max_words_7000_vectorizer_tfidf.pkl
Read previously trained model...
Evaluating models...
Average F-Score = 0.409260802595
Read previously computed data and targets...
models/linear_loss_log_class_weight_9_raw_text_processor_vector_max_words_7000_vectorizer_tfidf.pkl
Read previously trained model...
Evaluating models...
Average F-Score = 0.443856726337
Read previously computed data and targets...
models/linear_loss_log_class_weight_12_raw_text_processor_vector_max_words_7000_vectorizer_tfidf.pkl
Read previously trained model...
Evaluating models...
Average F-Score = 0.460759416683
Read previously computed data and targets...
models/linear_loss_log_class_weight_1_raw_text_processor_vector_max_words_15000_vectorizer_tfidf.pkl
Read previously trained model...
Evaluating models...
Average F-Score = 0.18288891827
Read previously computed data and targets...
models/linear_loss_log_class_weight_3_raw_text_processor_vector_max_words_15000_vectorizer_tfidf.pkl
Read previously trained model...
Evaluating models...
Average F-Score = 0.350621848691
Read previously computed data and targets...
models/linear_loss_log_class_weight_6_raw_text_processor_vector_max_words_15000_vectorizer_tfidf.pkl
Read previously trained model...
Evaluating models...
Average F-Score = 0.408074018654
Read previously computed data and targets...
models/linear_loss_log_class_weight_9_raw_text_processor_vector_max_words_15000_vectorizer_tfidf.pkl
Read previously trained model...
Evaluating models...
Average F-Score = 0.449931400414
Read previously computed data and targets...
models/linear_loss_log_class_weight_12_raw_text_processor_vector_max_words_15000_vectorizer_tfidf.pkl
Read previously trained model...
Evaluating models...
Average F-Score = 0.4604258809
Read previously computed data and targets...
models/linear_loss_hinge_class_weight_1_raw_text_processor_vector_max_words_1000_vectorizer_count.pkl
Read previously trained model...
Evaluating models...
Average F-Score = 0.306545614881
Read previously computed data and targets...
models/linear_loss_hinge_class_weight_3_raw_text_processor_vector_max_words_1000_vectorizer_count.pkl
Read previously trained model...
Evaluating models...
Average F-Score = 0.320094790916
Read previously computed data and targets...
models/linear_loss_hinge_class_weight_6_raw_text_processor_vector_max_words_1000_vectorizer_count.pkl
Read previously trained model...
Evaluating models...
Average F-Score = 0.339323341544
Read previously computed data and targets...
models/linear_loss_hinge_class_weight_9_raw_text_processor_vector_max_words_1000_vectorizer_count.pkl
Read previously trained model...
Evaluating models...
Average F-Score = 0.293878678401
Read previously computed data and targets...
models/linear_loss_hinge_class_weight_12_raw_text_processor_vector_max_words_1000_vectorizer_count.pkl
Read previously trained model...
Evaluating models...
Average F-Score = 0.304239502037
Read previously computed data and targets...
models/linear_loss_hinge_class_weight_1_raw_text_processor_vector_max_words_5000_vectorizer_count.pkl
Read previously trained model...
Evaluating models...
Average F-Score = 0.394504824847
Read previously computed data and targets...
models/linear_loss_hinge_class_weight_3_raw_text_processor_vector_max_words_5000_vectorizer_count.pkl
Read previously trained model...
Evaluating models...
Average F-Score = 0.440991631562
Read previously computed data and targets...
models/linear_loss_hinge_class_weight_6_raw_text_processor_vector_max_words_5000_vectorizer_count.pkl
Read previously trained model...
Evaluating models...
Average F-Score = 0.445201973061
Read previously computed data and targets...
models/linear_loss_hinge_class_weight_9_raw_text_processor_vector_max_words_5000_vectorizer_count.pkl
Read previously trained model...
Evaluating models...
Average F-Score = 0.438366790581
Read previously computed data and targets...
models/linear_loss_hinge_class_weight_12_raw_text_processor_vector_max_words_5000_vectorizer_count.pkl
Read previously trained model...
Evaluating models...
Average F-Score = 0.438739362916
Read previously computed data and targets...
models/linear_loss_hinge_class_weight_1_raw_text_processor_vector_max_words_7000_vectorizer_count.pkl
Read previously trained model...
Evaluating models...
Average F-Score = 0.413902551855
Read previously computed data and targets...
models/linear_loss_hinge_class_weight_3_raw_text_processor_vector_max_words_7000_vectorizer_count.pkl
Read previously trained model...
Evaluating models...
Average F-Score = 0.436679577252
Read previously computed data and targets...
models/linear_loss_hinge_class_weight_6_raw_text_processor_vector_max_words_7000_vectorizer_count.pkl
Read previously trained model...
Evaluating models...
Average F-Score = 0.44595978262
Read previously computed data and targets...
models/linear_loss_hinge_class_weight_9_raw_text_processor_vector_max_words_7000_vectorizer_count.pkl
Read previously trained model...
Evaluating models...
Average F-Score = 0.457093050136
Read previously computed data and targets...
models/linear_loss_hinge_class_weight_12_raw_text_processor_vector_max_words_7000_vectorizer_count.pkl
Read previously trained model...
Evaluating models...
Average F-Score = 0.450282611689
Read previously computed data and targets...
models/linear_loss_hinge_class_weight_1_raw_text_processor_vector_max_words_15000_vectorizer_count.pkl
Read previously trained model...
Evaluating models...
Average F-Score = 0.40688124575
Read previously computed data and targets...
models/linear_loss_hinge_class_weight_3_raw_text_processor_vector_max_words_15000_vectorizer_count.pkl
Read previously trained model...
Evaluating models...
Average F-Score = 0.437499410298
Read previously computed data and targets...
models/linear_loss_hinge_class_weight_6_raw_text_processor_vector_max_words_15000_vectorizer_count.pkl
Read previously trained model...
Evaluating models...
Average F-Score = 0.438001713841
Read previously computed data and targets...
models/linear_loss_hinge_class_weight_9_raw_text_processor_vector_max_words_15000_vectorizer_count.pkl
Read previously trained model...
Evaluating models...
Average F-Score = 0.440600734881
Read previously computed data and targets...
models/linear_loss_hinge_class_weight_12_raw_text_processor_vector_max_words_15000_vectorizer_count.pkl
Read previously trained model...
Evaluating models...
Average F-Score = 0.442309440708
Read previously computed data and targets...
models/linear_loss_hinge_class_weight_1_raw_text_processor_vector_max_words_1000_vectorizer_tfidf.pkl
Read previously trained model...
Evaluating models...
Average F-Score = 0.378844146824
Read previously computed data and targets...
models/linear_loss_hinge_class_weight_3_raw_text_processor_vector_max_words_1000_vectorizer_tfidf.pkl
Read previously trained model...
Evaluating models...
Average F-Score = 0.441333952753
Read previously computed data and targets...
models/linear_loss_hinge_class_weight_6_raw_text_processor_vector_max_words_1000_vectorizer_tfidf.pkl
Read previously trained model...
Evaluating models...
Average F-Score = 0.468999471797
Read previously computed data and targets...
models/linear_loss_hinge_class_weight_9_raw_text_processor_vector_max_words_1000_vectorizer_tfidf.pkl
Read previously trained model...
Evaluating models...
Average F-Score = 0.486132754289
Read previously computed data and targets...
models/linear_loss_hinge_class_weight_12_raw_text_processor_vector_max_words_1000_vectorizer_tfidf.pkl
Read previously trained model...
Evaluating models...
Average F-Score = 0.47983618561
Read previously computed data and targets...
models/linear_loss_hinge_class_weight_1_raw_text_processor_vector_max_words_5000_vectorizer_tfidf.pkl
Read previously trained model...
Evaluating models...
Average F-Score = 0.419284805808
Read previously computed data and targets...
models/linear_loss_hinge_class_weight_3_raw_text_processor_vector_max_words_5000_vectorizer_tfidf.pkl
Read previously trained model...
Evaluating models...
Average F-Score = 0.533783895573
Read previously computed data and targets...
models/linear_loss_hinge_class_weight_6_raw_text_processor_vector_max_words_5000_vectorizer_tfidf.pkl
Read previously trained model...
Evaluating models...
Average F-Score = 0.55619389781
Read previously computed data and targets...
models/linear_loss_hinge_class_weight_9_raw_text_processor_vector_max_words_5000_vectorizer_tfidf.pkl
Read previously trained model...
Evaluating models...
Average F-Score = 0.566088180679
Read previously computed data and targets...
models/linear_loss_hinge_class_weight_12_raw_text_processor_vector_max_words_5000_vectorizer_tfidf.pkl
Read previously trained model...
Evaluating models...
Average F-Score = 0.579336761096
Read previously computed data and targets...
models/linear_loss_hinge_class_weight_1_raw_text_processor_vector_max_words_7000_vectorizer_tfidf.pkl
Read previously trained model...
Evaluating models...
Average F-Score = 0.416210471393
Read previously computed data and targets...
models/linear_loss_hinge_class_weight_3_raw_text_processor_vector_max_words_7000_vectorizer_tfidf.pkl
Read previously trained model...
Evaluating models...
Average F-Score = 0.534533270346
Read previously computed data and targets...
models/linear_loss_hinge_class_weight_6_raw_text_processor_vector_max_words_7000_vectorizer_tfidf.pkl
Read previously trained model...
Evaluating models...
Average F-Score = 0.559862102968
Read previously computed data and targets...
models/linear_loss_hinge_class_weight_9_raw_text_processor_vector_max_words_7000_vectorizer_tfidf.pkl
Read previously trained model...
Evaluating models...
Average F-Score = 0.560721060732
Read previously computed data and targets...
models/linear_loss_hinge_class_weight_12_raw_text_processor_vector_max_words_7000_vectorizer_tfidf.pkl
Read previously trained model...
Evaluating models...
Average F-Score = 0.594790877113
Read previously computed data and targets...
models/linear_loss_hinge_class_weight_1_raw_text_processor_vector_max_words_15000_vectorizer_tfidf.pkl
Read previously trained model...
Evaluating models...
Average F-Score = 0.423938713542
Read previously computed data and targets...
models/linear_loss_hinge_class_weight_3_raw_text_processor_vector_max_words_15000_vectorizer_tfidf.pkl
Read previously trained model...
Evaluating models...
Average F-Score = 0.52824296566
Read previously computed data and targets...
models/linear_loss_hinge_class_weight_6_raw_text_processor_vector_max_words_15000_vectorizer_tfidf.pkl
Read previously trained model...
Evaluating models...
Average F-Score = 0.567594565069
Read previously computed data and targets...
models/linear_loss_hinge_class_weight_9_raw_text_processor_vector_max_words_15000_vectorizer_tfidf.pkl
Read previously trained model...
Evaluating models...
Average F-Score = 0.56158348738
Read previously computed data and targets...
models/linear_loss_hinge_class_weight_12_raw_text_processor_vector_max_words_15000_vectorizer_tfidf.pkl
Read previously trained model...
Evaluating models...
Average F-Score = 0.578719850492
    class_weight   loss  max_words     score vectorizer
0              1    log       1000  0.283310      count
1              3    log       1000  0.313435      count
2              6    log       1000  0.328426      count
3              9    log       1000  0.318000      count
4             12    log       1000  0.324642      count
5              1    log       5000  0.351993      count
6              3    log       5000  0.420205      count
7              6    log       5000  0.452075      count
8              9    log       5000  0.427116      count
9             12    log       5000  0.434912      count
10             1    log       7000  0.349502      count
11             3    log       7000  0.418069      count
12             6    log       7000  0.450982      count
13             9    log       7000  0.467145      count
14            12    log       7000  0.424247      count
15             1    log      15000  0.345504      count
16             3    log      15000  0.412102      count
17             6    log      15000  0.448100      count
18             9    log      15000  0.440263      count
19            12    log      15000  0.461333      count
20             1    log       1000  0.214851      tfidf
21             3    log       1000  0.361106      tfidf
22             6    log       1000  0.413926      tfidf
23             9    log       1000  0.430271      tfidf
24            12    log       1000  0.439040      tfidf
25             1    log       5000  0.185611      tfidf
26             3    log       5000  0.351598      tfidf
27             6    log       5000  0.424498      tfidf
28             9    log       5000  0.453014      tfidf
29            12    log       5000  0.467330      tfidf
30             1    log       7000  0.184926      tfidf
31             3    log       7000  0.353151      tfidf
32             6    log       7000  0.409261      tfidf
33             9    log       7000  0.443857      tfidf
34            12    log       7000  0.460759      tfidf
35             1    log      15000  0.182889      tfidf
36             3    log      15000  0.350622      tfidf
37             6    log      15000  0.408074      tfidf
38             9    log      15000  0.449931      tfidf
39            12    log      15000  0.460426      tfidf
40             1  hinge       1000  0.306546      count
41             3  hinge       1000  0.320095      count
42             6  hinge       1000  0.339323      count
43             9  hinge       1000  0.293879      count
44            12  hinge       1000  0.304240      count
45             1  hinge       5000  0.394505      count
46             3  hinge       5000  0.440992      count
47             6  hinge       5000  0.445202      count
48             9  hinge       5000  0.438367      count
49            12  hinge       5000  0.438739      count
50             1  hinge       7000  0.413903      count
51             3  hinge       7000  0.436680      count
52             6  hinge       7000  0.445960      count
53             9  hinge       7000  0.457093      count
54            12  hinge       7000  0.450283      count
55             1  hinge      15000  0.406881      count
56             3  hinge      15000  0.437499      count
57             6  hinge      15000  0.438002      count
58             9  hinge      15000  0.440601      count
59            12  hinge      15000  0.442309      count
60             1  hinge       1000  0.378844      tfidf
61             3  hinge       1000  0.441334      tfidf
62             6  hinge       1000  0.468999      tfidf
63             9  hinge       1000  0.486133      tfidf
64            12  hinge       1000  0.479836      tfidf
65             1  hinge       5000  0.419285      tfidf
66             3  hinge       5000  0.533784      tfidf
67             6  hinge       5000  0.556194      tfidf
68             9  hinge       5000  0.566088      tfidf
69            12  hinge       5000  0.579337      tfidf
70             1  hinge       7000  0.416210      tfidf
71             3  hinge       7000  0.534533      tfidf
72             6  hinge       7000  0.559862      tfidf
73             9  hinge       7000  0.560721      tfidf
74            12  hinge       7000  0.594791      tfidf
75             1  hinge      15000  0.423939      tfidf
76             3  hinge      15000  0.528243      tfidf
77             6  hinge      15000  0.567595      tfidf
78             9  hinge      15000  0.561583      tfidf
79            12  hinge      15000  0.578720      tfidf
class_weight          12
loss               hinge
max_words           7000
score           0.594791
vectorizer         tfidf
Name: 74, dtype: object
